============================= test session starts =============================
platform win32 -- Python 3.12.10, pytest-9.0.2, pluggy-1.6.0
rootdir: C:\dev\github\business\Forensic_CPA_AI
plugins: anyio-4.12.1, mock-3.15.1
collected 8 items / 1 error

=================================== ERRORS ====================================
________________________ ERROR collecting test_auth.py ________________________
.venv\Lib\site-packages\urllib3\connection.py:204: in _new_conn
    sock = connection.create_connection(
.venv\Lib\site-packages\urllib3\util\connection.py:85: in create_connection
    raise err
.venv\Lib\site-packages\urllib3\util\connection.py:73: in create_connection
    sock.connect(sa)
E   ConnectionRefusedError: [WinError 10061] No connection could be made because the target machine actively refused it

The above exception was the direct cause of the following exception:
.venv\Lib\site-packages\urllib3\connectionpool.py:787: in urlopen
    response = self._make_request(
.venv\Lib\site-packages\urllib3\connectionpool.py:493: in _make_request
    conn.request(
.venv\Lib\site-packages\urllib3\connection.py:500: in request
    self.endheaders()
C:\Users\nedpe\AppData\Local\Programs\Python\Python312\Lib\http\client.py:1333: in endheaders
    self._send_output(message_body, encode_chunked=encode_chunked)
C:\Users\nedpe\AppData\Local\Programs\Python\Python312\Lib\http\client.py:1093: in _send_output
    self.send(msg)
C:\Users\nedpe\AppData\Local\Programs\Python\Python312\Lib\http\client.py:1037: in send
    self.connect()
.venv\Lib\site-packages\urllib3\connection.py:331: in connect
    self.sock = self._new_conn()
                ^^^^^^^^^^^^^^^^
.venv\Lib\site-packages\urllib3\connection.py:219: in _new_conn
    raise NewConnectionError(
E   urllib3.exceptions.NewConnectionError: HTTPConnection(host='127.0.0.1', port=3006): Failed to establish a new connection: [WinError 10061] No connection could be made because the target machine actively refused it

The above exception was the direct cause of the following exception:
.venv\Lib\site-packages\requests\adapters.py:644: in send
    resp = conn.urlopen(
.venv\Lib\site-packages\urllib3\connectionpool.py:841: in urlopen
    retries = retries.increment(
.venv\Lib\site-packages\urllib3\util\retry.py:535: in increment
    raise MaxRetryError(_pool, url, reason) from reason  # type: ignore[arg-type]
    ^^^^^^^^^^^^^^^^^^^^^^^^^^^^^^^^^^^^^^^^^^^^^^^^^^^
E   urllib3.exceptions.MaxRetryError: HTTPConnectionPool(host='127.0.0.1', port=3006): Max retries exceeded with url: /api/health (Caused by NewConnectionError("HTTPConnection(host='127.0.0.1', port=3006): Failed to establish a new connection: [WinError 10061] No connection could be made because the target machine actively refused it"))

During handling of the above exception, another exception occurred:
test_auth.py:8: in <module>
    resp = session.get(f"{base_url}/api/health")
           ^^^^^^^^^^^^^^^^^^^^^^^^^^^^^^^^^^^^^
.venv\Lib\site-packages\requests\sessions.py:602: in get
    return self.request("GET", url, **kwargs)
           ^^^^^^^^^^^^^^^^^^^^^^^^^^^^^^^^^^
.venv\Lib\site-packages\requests\sessions.py:589: in request
    resp = self.send(prep, **send_kwargs)
           ^^^^^^^^^^^^^^^^^^^^^^^^^^^^^^
.venv\Lib\site-packages\requests\sessions.py:703: in send
    r = adapter.send(request, **kwargs)
        ^^^^^^^^^^^^^^^^^^^^^^^^^^^^^^^
.venv\Lib\site-packages\requests\adapters.py:677: in send
    raise ConnectionError(e, request=request)
E   requests.exceptions.ConnectionError: HTTPConnectionPool(host='127.0.0.1', port=3006): Max retries exceeded with url: /api/health (Caused by NewConnectionError("HTTPConnection(host='127.0.0.1', port=3006): Failed to establish a new connection: [WinError 10061] No connection could be made because the target machine actively refused it"))
=========================== short test summary info ===========================
ERROR test_auth.py - requests.exceptions.ConnectionError: HTTPConnectionPool(...
!!!!!!!!!!!!!!!!!!! Interrupted: 1 error during collection !!!!!!!!!!!!!!!!!!!!
============================== 1 error in 4.18s ===============================
