============================= test session starts =============================
platform win32 -- Python 3.12.10, pytest-9.0.2, pluggy-1.6.0
rootdir: C:\dev\github\business\Forensic_CPA_AI
plugins: anyio-4.12.1, mock-3.15.1
collected 5 items

tests\test_upload_formats.py .....                                       [100%]

============================== warnings summary ===============================
tests/test_upload_formats.py::test_upload_pdf
  C:\dev\github\business\Forensic_CPA_AI\.venv\Lib\site-packages\flask_login\login_manager.py:488: DeprecationWarning: datetime.datetime.utcnow() is deprecated and scheduled for removal in a future version. Use timezone-aware objects to represent datetimes in UTC: datetime.datetime.now(datetime.UTC).
    expires = datetime.utcnow() + duration

-- Docs: https://docs.pytest.org/en/stable/how-to/capture-warnings.html
======================== 5 passed, 1 warning in 1.89s =========================
