============================= test session starts =============================
platform win32 -- Python 3.12.10, pytest-9.0.2, pluggy-1.6.0
rootdir: C:\dev\github\business\Forensic_CPA_AI
plugins: anyio-4.12.1, mock-3.15.1
collected 17 items / 4 errors

=================================== ERRORS ====================================
__________________ ERROR collecting tests/test_analytics.py ___________________
ImportError while importing test module 'C:\dev\github\business\Forensic_CPA_AI\tests\test_analytics.py'.
Hint: make sure your test modules/packages have valid Python names.
Traceback:
C:\Users\nedpe\AppData\Local\Programs\Python\Python312\Lib\importlib\__init__.py:90: in import_module
    return _bootstrap._gcd_import(name[level:], package, level)
           ^^^^^^^^^^^^^^^^^^^^^^^^^^^^^^^^^^^^^^^^^^^^^^^^^^^^
tests\test_analytics.py:4: in <module>
    from database import init_db, get_db
E   ModuleNotFoundError: No module named 'database'
________________ ERROR collecting tests/test_categorization.py ________________
ImportError while importing test module 'C:\dev\github\business\Forensic_CPA_AI\tests\test_categorization.py'.
Hint: make sure your test modules/packages have valid Python names.
Traceback:
C:\Users\nedpe\AppData\Local\Programs\Python\Python312\Lib\importlib\__init__.py:90: in import_module
    return _bootstrap._gcd_import(name[level:], package, level)
           ^^^^^^^^^^^^^^^^^^^^^^^^^^^^^^^^^^^^^^^^^^^^^^^^^^^^
tests\test_categorization.py:5: in <module>
    from database import init_db, get_db, add_document, add_document_extraction
E   ModuleNotFoundError: No module named 'database'
_____________________ ERROR collecting tests/test_docs.py _____________________
ImportError while importing test module 'C:\dev\github\business\Forensic_CPA_AI\tests\test_docs.py'.
Hint: make sure your test modules/packages have valid Python names.
Traceback:
C:\Users\nedpe\AppData\Local\Programs\Python\Python312\Lib\importlib\__init__.py:90: in import_module
    return _bootstrap._gcd_import(name[level:], package, level)
           ^^^^^^^^^^^^^^^^^^^^^^^^^^^^^^^^^^^^^^^^^^^^^^^^^^^^
tests\test_docs.py:10: in <module>
    from app import app
E   ModuleNotFoundError: No module named 'app'
_________________ ERROR collecting tests/test_integrations.py _________________
ImportError while importing test module 'C:\dev\github\business\Forensic_CPA_AI\tests\test_integrations.py'.
Hint: make sure your test modules/packages have valid Python names.
Traceback:
C:\Users\nedpe\AppData\Local\Programs\Python\Python312\Lib\importlib\__init__.py:90: in import_module
    return _bootstrap._gcd_import(name[level:], package, level)
           ^^^^^^^^^^^^^^^^^^^^^^^^^^^^^^^^^^^^^^^^^^^^^^^^^^^^
tests\test_integrations.py:5: in <module>
    from shared.encryption import encrypt_token, decrypt_token, get_cipher
E   ModuleNotFoundError: No module named 'shared'
=========================== short test summary info ===========================
ERROR tests/test_analytics.py
ERROR tests/test_categorization.py
ERROR tests/test_docs.py
ERROR tests/test_integrations.py
!!!!!!!!!!!!!!!!!!! Interrupted: 4 errors during collection !!!!!!!!!!!!!!!!!!!
============================== 4 errors in 1.29s ==============================
